app/build/intermediates/manifest_merge_blame_file/debug/manifest-merger-blame-debug-report.txt
1<?xml version="1.0" encoding="utf-8"?>
2<manifest xmlns:android="http://schemas.android.com/apk/res/android"
3    package="com.tencent.paddleocrncnn"
4    android:versionCode="1"
5    android:versionName="1.1" >
6
7    <uses-sdk android:minSdkVersion="24" />
7-->src/main/AndroidManifest.xml
8
9    <uses-permission android:name="android.permission.READ_EXTERNAL_STORAGE" />
9-->src/main/AndroidManifest.xml:6:5-79
9-->src/main/AndroidManifest.xml:6:22-77
10    <uses-permission android:name="android.permission.WRITE_EXTERNAL_STORAGE" />
10-->src/main/AndroidManifest.xml:7:5-80
10-->src/main/AndroidManifest.xml:7:22-78
11
12    <application
12-->src/main/AndroidManifest.xml:8:5-25:19
13        android:debuggable="true"
14        android:label="@string/app_name"
14-->src/main/AndroidManifest.xml:8:18-50
15        android:testOnly="true" >
16        <activity
16-->src/main/AndroidManifest.xml:9:9-15:20
17            android:name="com.tencent.paddleocrncnn.MainActivity"
17-->src/main/AndroidManifest.xml:9:19-46
18            android:label="@string/app_name" >
18-->src/main/AndroidManifest.xml:10:19-51
19            <intent-filter>
19-->src/main/AndroidManifest.xml:11:13-14:29
20                <action android:name="android.intent.action.MAIN" />
20-->src/main/AndroidManifest.xml:12:17-69
20-->src/main/AndroidManifest.xml:12:25-66
21
22                <category android:name="android.intent.category.LAUNCHER" />
22-->src/main/AndroidManifest.xml:13:17-77
22-->src/main/AndroidManifest.xml:13:27-74
23            </intent-filter>
24        </activity>
25
26        <provider
26-->src/main/AndroidManifest.xml:16:9-24:20
27            android:name="android.support.v4.content.FileProvider"
27-->src/main/AndroidManifest.xml:17:13-67
28            android:authorities="com.tencent.paddleocrncnn.fileprovider"
28-->src/main/AndroidManifest.xml:18:13-73
29            android:exported="false"
29-->src/main/AndroidManifest.xml:19:13-37
30            android:grantUriPermissions="true" >
30-->src/main/AndroidManifest.xml:20:13-47
31            <meta-data
31-->src/main/AndroidManifest.xml:21:13-23:54
32                android:name="android.support.FILE_PROVIDER_PATHS"
32-->src/main/AndroidManifest.xml:22:17-67
33                android:resource="@xml/file_paths" />
33-->src/main/AndroidManifest.xml:23:17-51
34        </provider>
35    </application>
36
37</manifest>